This is XeTeX, Version 3.141592653-2.6-0.999994 (TeX Live 2022) (preloaded format=xelatex 2023.2.14)  30 JUN 2023 16:38
entering extended mode
 restricted \write18 enabled.
 file:line:error style messages enabled.
 %&-line parsing enabled.
**term_paper
(./term_paper.tex
LaTeX2e <2022-11-01> patch level 1
L3 programming layer <2023-02-07> (./AEA.cls
Document Class: AEA 2011/07/24 American Economic Association Article Classes
(c:/texlive/2022/texmf-dist/tex/latex/tools/multicol.sty
Package: multicol 2021/11/30 v1.9d multicolumn formatting (FMi)
\c@tracingmulticols=\count181
\mult@box=\box51
\multicol@leftmargin=\dimen140
\c@unbalance=\count182
\c@collectmore=\count183
\doublecol@number=\count184
\multicoltolerance=\count185
\multicolpretolerance=\count186
\full@width=\dimen141
\page@free=\dimen142
\premulticols=\dimen143
\postmulticols=\dimen144
\multicolsep=\skip48
\multicolbaselineskip=\skip49
\partial@page=\box52
\last@line=\box53
\maxbalancingoverflow=\dimen145
\mult@rightbox=\box54
\mult@grightbox=\box55
\mult@firstbox=\box56
\mult@gfirstbox=\box57
\@tempa=\box58
\@tempa=\box59
\@tempa=\box60
\@tempa=\box61
\@tempa=\box62
\@tempa=\box63
\@tempa=\box64
\@tempa=\box65
\@tempa=\box66
\@tempa=\box67
\@tempa=\box68
\@tempa=\box69
\@tempa=\box70
\@tempa=\box71
\@tempa=\box72
\@tempa=\box73
\@tempa=\box74
\@tempa=\box75
\@tempa=\box76
\@tempa=\box77
\@tempa=\box78
\@tempa=\box79
\@tempa=\box80
\@tempa=\box81
\@tempa=\box82
\@tempa=\box83
\@tempa=\box84
\@tempa=\box85
\@tempa=\box86
\@tempa=\box87
\@tempa=\box88
\@tempa=\box89
\@tempa=\box90
\@tempa=\box91
\@tempa=\box92
\@tempa=\box93
\c@minrows=\count187
\c@columnbadness=\count188
\c@finalcolumnbadness=\count189
\last@try=\dimen146
\multicolovershoot=\dimen147
\multicolundershoot=\dimen148
\mult@nat@firstbox=\box94
\colbreak@box=\box95
\mc@col@check@num=\count190
) (c:/texlive/2022/texmf-dist/tex/latex/setspace/setspace.sty
Package: setspace 2022/12/04 v6.7b set line spacing
) (c:/texlive/2022/texmf-dist/tex/latex/amsmath/amsmath.sty
Package: amsmath 2022/04/08 v2.17n AMS math features
\@mathmargin=\skip50

For additional information on amsmath, use the `?' option.
(c:/texlive/2022/texmf-dist/tex/latex/amsmath/amstext.sty
Package: amstext 2021/08/26 v2.01 AMS text
 (c:/texlive/2022/texmf-dist/tex/latex/amsmath/amsgen.sty
File: amsgen.sty 1999/11/30 v2.0 generic functions
\@emptytoks=\toks16
\ex@=\dimen149
)) (c:/texlive/2022/texmf-dist/tex/latex/amsmath/amsbsy.sty
Package: amsbsy 1999/11/29 v1.2d Bold Symbols
\pmbraise@=\dimen150
) (c:/texlive/2022/texmf-dist/tex/latex/amsmath/amsopn.sty
Package: amsopn 2022/04/08 v2.04 operator names
)
\inf@bad=\count191
LaTeX Info: Redefining \frac on input line 234.
\uproot@=\count192
\leftroot@=\count193
LaTeX Info: Redefining \overline on input line 399.
LaTeX Info: Redefining \colon on input line 410.
\classnum@=\count194
\DOTSCASE@=\count195
LaTeX Info: Redefining \ldots on input line 496.
LaTeX Info: Redefining \dots on input line 499.
LaTeX Info: Redefining \cdots on input line 620.
\Mathstrutbox@=\box96
\strutbox@=\box97
LaTeX Info: Redefining \big on input line 722.
LaTeX Info: Redefining \Big on input line 723.
LaTeX Info: Redefining \bigg on input line 724.
LaTeX Info: Redefining \Bigg on input line 725.
\big@size=\dimen151
LaTeX Font Info:    Redeclaring font encoding OML on input line 743.
LaTeX Font Info:    Redeclaring font encoding OMS on input line 744.
\macc@depth=\count196
LaTeX Info: Redefining \bmod on input line 905.
LaTeX Info: Redefining \pmod on input line 910.
LaTeX Info: Redefining \smash on input line 940.
LaTeX Info: Redefining \relbar on input line 970.
LaTeX Info: Redefining \Relbar on input line 971.
\c@MaxMatrixCols=\count197
\dotsspace@=\muskip16
\c@parentequation=\count198
\dspbrk@lvl=\count199
\tag@help=\toks17
\row@=\count266
\column@=\count267
\maxfields@=\count268
\andhelp@=\toks18
\eqnshift@=\dimen152
\alignsep@=\dimen153
\tagshift@=\dimen154
\tagwidth@=\dimen155
\totwidth@=\dimen156
\lineht@=\dimen157
\@envbody=\toks19
\multlinegap=\skip51
\multlinetaggap=\skip52
\mathdisplay@stack=\toks20
LaTeX Info: Redefining \[ on input line 2953.
LaTeX Info: Redefining \] on input line 2954.
)
Journal Selected: THE AMERICAN ECONOMIC REVIEW
Mode Selected: final
\abstractIndent=\skip53
\abstractWidth=\skip54
\c@part=\count269
\c@section=\count270
\c@subsection=\count271
\c@subsubsection=\count272
\c@paragraph=\count273
\c@subparagraph=\count274
\c@figure=\count275
\c@table=\count276
\abovecaptionskip=\skip55
\belowcaptionskip=\skip56
\bibindent=\dimen158
) (c:/texlive/2022/texmf-dist/tex/latex/float/float.sty
Package: float 2001/11/08 v1.3d Float enhancements (AL)
\c@float@type=\count277
\float@exts=\toks21
\float@box=\box98
\@float@everytoks=\toks22
\@floatcapt=\box99
) (c:/texlive/2022/texmf-dist/tex/latex/graphics/graphicx.sty
Package: graphicx 2021/09/16 v1.2d Enhanced LaTeX Graphics (DPC,SPQR)
 (c:/texlive/2022/texmf-dist/tex/latex/graphics/keyval.sty
Package: keyval 2022/05/29 v1.15 key=value parser (DPC)
\KV@toks@=\toks23
) (c:/texlive/2022/texmf-dist/tex/latex/graphics/graphics.sty
Package: graphics 2022/03/10 v1.4e Standard LaTeX Graphics (DPC,SPQR)
 (c:/texlive/2022/texmf-dist/tex/latex/graphics/trig.sty
Package: trig 2021/08/11 v1.11 sin cos tan (DPC)
) (c:/texlive/2022/texmf-dist/tex/latex/graphics-cfg/graphics.cfg
File: graphics.cfg 2016/06/04 v1.11 sample graphics configuration
)
Package graphics Info: Driver file: xetex.def on input line 107.
 (c:/texlive/2022/texmf-dist/tex/latex/graphics-def/xetex.def
File: xetex.def 2022/09/22 v5.0n Graphics/color driver for xetex
))
\Gin@req@height=\dimen159
\Gin@req@width=\dimen160
) (c:/texlive/2022/texmf-dist/tex/latex/subfigure/subfigure.sty
Package: subfigure 2002/03/15 v2.1.5 subfigure package
\subfigtopskip=\skip57
\subfigcapskip=\skip58
\subfigcaptopadj=\dimen161
\subfigbottomskip=\skip59
\subfigcapmargin=\dimen162
\subfiglabelskip=\skip60
\c@subfigure=\count278
\c@lofdepth=\count279
\c@subtable=\count280
\c@lotdepth=\count281

****************************************
* Local config file subfigure.cfg used *
****************************************
(c:/texlive/2022/texmf-dist/tex/latex/subfigure/subfigure.cfg)
\subfig@top=\skip61
\subfig@bottom=\skip62
) (c:/texlive/2022/texmf-dist/tex/latex/siunitx/siunitx.sty
Package: siunitx 2023-01-03 v3.2.0 A comprehensive (SI) units package
\l__siunitx_angle_tmp_dim=\dimen163
\l__siunitx_angle_marker_box=\box100
\l__siunitx_angle_unit_box=\box101
\l__siunitx_compound_count_int=\count282
 (c:/texlive/2022/texmf-dist/tex/latex/translations/translations.sty
Package: translations 2022/02/05 v1.12 internationalization of LaTeX2e packages (CN)
 (c:/texlive/2022/texmf-dist/tex/latex/etoolbox/etoolbox.sty
Package: etoolbox 2020/10/05 v2.5k e-TeX tools for LaTeX (JAW)
\etb@tempcnta=\count283
) (c:/texlive/2022/texmf-dist/tex/generic/pdftexcmds/pdftexcmds.sty
Package: pdftexcmds 2020-06-27 v0.33 Utility functions of pdfTeX for LuaTeX (HO)
 (c:/texlive/2022/texmf-dist/tex/generic/infwarerr/infwarerr.sty
Package: infwarerr 2019/12/03 v1.5 Providing info/warning/error messages (HO)
) (c:/texlive/2022/texmf-dist/tex/generic/iftex/iftex.sty
Package: iftex 2022/02/03 v1.0f TeX engine tests
) (c:/texlive/2022/texmf-dist/tex/generic/ltxcmds/ltxcmds.sty
Package: ltxcmds 2020-05-10 v1.25 LaTeX kernel commands for general use (HO)
)
Package pdftexcmds Info: \pdf@primitive is available.
Package pdftexcmds Info: \pdf@ifprimitive is available.
Package pdftexcmds Info: \pdfdraftmode not found.
))
\l__siunitx_number_exponent_fixed_int=\count284
\l__siunitx_number_min_decimal_int=\count285
\l__siunitx_number_min_integer_int=\count286
\l__siunitx_number_round_precision_int=\count287
\l__siunitx_number_lower_threshold_int=\count288
\l__siunitx_number_upper_threshold_int=\count289
\l__siunitx_number_group_first_int=\count290
\l__siunitx_number_group_size_int=\count291
\l__siunitx_number_group_minimum_int=\count292
\l__siunitx_table_tmp_box=\box102
\l__siunitx_table_tmp_dim=\dimen164
\l__siunitx_table_column_width_dim=\dimen165
\l__siunitx_table_integer_box=\box103
\l__siunitx_table_decimal_box=\box104
\l__siunitx_table_uncert_box=\box105
\l__siunitx_table_before_box=\box106
\l__siunitx_table_after_box=\box107
\l__siunitx_table_before_dim=\dimen166
\l__siunitx_table_carry_dim=\dimen167
\l__siunitx_unit_tmp_int=\count293
\l__siunitx_unit_position_int=\count294
\l__siunitx_unit_total_int=\count295
 (c:/texlive/2022/texmf-dist/tex/latex/tools/array.sty
Package: array 2022/09/04 v2.5g Tabular extension package (FMi)
\col@sep=\dimen168
\ar@mcellbox=\box108
\extrarowheight=\dimen169
\NC@list=\toks24
\extratabsurround=\skip63
\backup@length=\skip64
\ar@cellbox=\box109
)) (c:/texlive/2022/texmf-dist/tex/latex/booktabs/booktabs.sty
Package: booktabs 2020/01/12 v1.61803398 Publication quality tables
\heavyrulewidth=\dimen170
\lightrulewidth=\dimen171
\cmidrulewidth=\dimen172
\belowrulesep=\dimen173
\belowbottomsep=\dimen174
\aboverulesep=\dimen175
\abovetopsep=\dimen176
\cmidrulesep=\dimen177
\cmidrulekern=\dimen178
\defaultaddspace=\dimen179
\@cmidla=\count296
\@cmidlb=\count297
\@aboverulesep=\dimen180
\@belowrulesep=\dimen181
\@thisruleclass=\count298
\@lastruleclass=\count299
\@thisrulewidth=\dimen182
) (c:/texlive/2022/texmf-dist/tex/latex/natbib/natbib.sty
Package: natbib 2010/09/13 8.31b (PWD, AO)
\bibhang=\skip65
\bibsep=\skip66
LaTeX Info: Redefining \cite on input line 694.
\c@NAT@ctr=\count300
) (c:/texlive/2022/texmf-dist/tex/xelatex/xecjk/xeCJK.sty (c:/texlive/2022/texmf-dist/tex/latex/l3kernel/expl3.sty
Package: expl3 2023-02-07 L3 programming layer (loader) 
 (c:/texlive/2022/texmf-dist/tex/latex/l3backend/l3backend-xetex.def
File: l3backend-xetex.def 2023-01-16 L3 backend support: XeTeX
\g__graphics_track_int=\count301
\l__pdf_internal_box=\box110
\g__pdf_backend_object_int=\count302
\g__pdf_backend_annotation_int=\count303
\g__pdf_backend_link_int=\count304
))
Package: xeCJK 2022/08/05 v3.9.1 Typesetting CJK scripts with XeLaTeX
 (c:/texlive/2022/texmf-dist/tex/latex/ctex/ctexhook.sty
Package: ctexhook 2022/07/14 v2.5.10 Document and package hooks (CTEX)
) (c:/texlive/2022/texmf-dist/tex/latex/l3packages/xtemplate/xtemplate.sty
Package: xtemplate 2023-02-02 L3 Experimental prototype document functions
\l__xtemplate_tmp_dim=\dimen183
\l__xtemplate_tmp_int=\count305
\l__xtemplate_tmp_muskip=\muskip17
\l__xtemplate_tmp_skip=\skip67
)
\l__xeCJK_tmp_int=\count306
\l__xeCJK_tmp_box=\box111
\l__xeCJK_tmp_dim=\dimen184
\l__xeCJK_tmp_skip=\skip68
\g__xeCJK_space_factor_int=\count307
\l__xeCJK_begin_int=\count308
\l__xeCJK_end_int=\count309
\c__xeCJK_CJK_class_int=\XeTeXcharclass1
\c__xeCJK_FullLeft_class_int=\XeTeXcharclass2
\c__xeCJK_FullRight_class_int=\XeTeXcharclass3
\c__xeCJK_HalfLeft_class_int=\XeTeXcharclass4
\c__xeCJK_HalfRight_class_int=\XeTeXcharclass5
\c__xeCJK_NormalSpace_class_int=\XeTeXcharclass6
\c__xeCJK_CM_class_int=\XeTeXcharclass7
\c__xeCJK_HangulJamo_class_int=\XeTeXcharclass8
\l__xeCJK_last_skip=\skip69
\c__xeCJK_none_node=\count310
\g__xeCJK_node_int=\count311
\c__xeCJK_CJK_node_dim=\dimen185
\c__xeCJK_CJK-space_node_dim=\dimen186
\c__xeCJK_default_node_dim=\dimen187
\c__xeCJK_CJK-widow_node_dim=\dimen188
\c__xeCJK_normalspace_node_dim=\dimen189
\c__xeCJK_default-space_node_skip=\skip70
\l__xeCJK_ccglue_skip=\skip71
\l__xeCJK_ecglue_skip=\skip72
\l__xeCJK_punct_kern_skip=\skip73
\l__xeCJK_indent_box=\box112
\l__xeCJK_last_penalty_int=\count312
\l__xeCJK_last_bound_dim=\dimen190
\l__xeCJK_last_kern_dim=\dimen191
\l__xeCJK_widow_penalty_int=\count313

Package xtemplate Info: Declaring object type 'xeCJK/punctuation' taking 0
(xtemplate)             argument(s) on line 2396.

\l__xeCJK_fixed_punct_width_dim=\dimen192
\l__xeCJK_mixed_punct_width_dim=\dimen193
\l__xeCJK_middle_punct_width_dim=\dimen194
\l__xeCJK_fixed_margin_width_dim=\dimen195
\l__xeCJK_mixed_margin_width_dim=\dimen196
\l__xeCJK_middle_margin_width_dim=\dimen197
\l__xeCJK_bound_punct_width_dim=\dimen198
\l__xeCJK_bound_margin_width_dim=\dimen199
\l__xeCJK_margin_minimum_dim=\dimen256
\l__xeCJK_kerning_total_width_dim=\dimen257
\l__xeCJK_same_align_margin_dim=\dimen258
\l__xeCJK_different_align_margin_dim=\dimen259
\l__xeCJK_kerning_margin_width_dim=\dimen260
\l__xeCJK_kerning_margin_minimum_dim=\dimen261
\l__xeCJK_bound_dim=\dimen262
\l__xeCJK_reverse_bound_dim=\dimen263
\l__xeCJK_margin_dim=\dimen264
\l__xeCJK_minimum_bound_dim=\dimen265
\l__xeCJK_kerning_margin_dim=\dimen266
\g__xeCJK_family_int=\count314
\l__xeCJK_fam_int=\count315
\g__xeCJK_fam_allocation_int=\count316
\l__xeCJK_verb_case_int=\count317
\l__xeCJK_verb_exspace_skip=\skip74
 (c:/texlive/2022/texmf-dist/tex/latex/fontspec/fontspec.sty (c:/texlive/2022/texmf-dist/tex/latex/l3packages/xparse/xparse.sty
Package: xparse 2023-02-02 L3 Experimental document command parser
)
Package: fontspec 2022/01/15 v2.8a Font selection for XeLaTeX and LuaLaTeX
 (c:/texlive/2022/texmf-dist/tex/latex/fontspec/fontspec-xetex.sty
Package: fontspec-xetex 2022/01/15 v2.8a Font selection for XeLaTeX and LuaLaTeX
\l__fontspec_script_int=\count318
\l__fontspec_language_int=\count319
\l__fontspec_strnum_int=\count320
\l__fontspec_tmp_int=\count321
\l__fontspec_tmpa_int=\count322
\l__fontspec_tmpb_int=\count323
\l__fontspec_tmpc_int=\count324
\l__fontspec_em_int=\count325
\l__fontspec_emdef_int=\count326
\l__fontspec_strong_int=\count327
\l__fontspec_strongdef_int=\count328
\l__fontspec_tmpa_dim=\dimen267
\l__fontspec_tmpb_dim=\dimen268
\l__fontspec_tmpc_dim=\dimen269
 (c:/texlive/2022/texmf-dist/tex/latex/base/fontenc.sty
Package: fontenc 2021/04/29 v2.0v Standard LaTeX package
) (c:/texlive/2022/texmf-dist/tex/latex/fontspec/fontspec.cfg))) (c:/texlive/2022/texmf-dist/tex/xelatex/xecjk/xeCJK.cfg
File: xeCJK.cfg 2022/08/05 v3.9.1 Configuration file for xeCJK package
)) (c:/texlive/2022/texmf-dist/tex/latex/ctex/ctex.sty
Package: ctex 2022/07/14 v2.5.10 Chinese adapter in LaTeX (CTEX)
 (c:/texlive/2022/texmf-dist/tex/latex/ctex/ctexpatch.sty
Package: ctexpatch 2022/07/14 v2.5.10 Patching commands (CTEX)
) (c:/texlive/2022/texmf-dist/tex/latex/base/fix-cm.sty
Package: fix-cm 2020/11/24 v1.1t fixes to LaTeX
 (c:/texlive/2022/texmf-dist/tex/latex/base/ts1enc.def
File: ts1enc.def 2001/06/05 v3.0e (jk/car/fm) Standard LaTeX file
LaTeX Font Info:    Redeclaring font encoding TS1 on input line 47.
))
\l__ctex_tmp_int=\count329
\l__ctex_tmp_box=\box113
\l__ctex_tmp_dim=\dimen270
\g__ctex_section_depth_int=\count330
\g__ctex_font_size_int=\count331
 (c:/texlive/2022/texmf-dist/tex/latex/ctex/config/ctexopts.cfg
File: ctexopts.cfg 2022/07/14 v2.5.10 Option configuration file (CTEX)
) (c:/texlive/2022/texmf-dist/tex/latex/ctex/engine/ctex-engine-xetex.def
File: ctex-engine-xetex.def 2022/07/14 v2.5.10 XeLaTeX adapter (CTEX)
\ccwd=\dimen271
\l__ctex_ccglue_skip=\skip75
)
\l__ctex_ziju_dim=\dimen272
 (c:/texlive/2022/texmf-dist/tex/latex/zhnumber/zhnumber.sty
Package: zhnumber 2022/07/14 v3.0 Typesetting numbers with Chinese glyphs
\l__zhnum_scale_int=\count332
\l__zhnum_tmp_int=\count333
 (c:/texlive/2022/texmf-dist/tex/latex/zhnumber/zhnumber-utf8.cfg
File: zhnumber-utf8.cfg 2022/07/14 v3.0 Chinese numerals with UTF8 encoding
)) (c:/texlive/2022/texmf-dist/tex/latex/ctex/scheme/ctex-scheme-chinese.def
File: ctex-scheme-chinese.def 2022/07/14 v2.5.10 Chinese scheme for generic (CTEX)
 (c:/texlive/2022/texmf-dist/tex/latex/ctex/config/ctex-name-utf8.cfg
File: ctex-name-utf8.cfg 2022/07/14 v2.5.10 Caption with encoding UTF-8 (CTEX)
)) (c:/texlive/2022/texmf-dist/tex/latex/ctex/ctex-c5size.clo
File: ctex-c5size.clo 2022/07/14 v2.5.10 c5size option (CTEX)
) (c:/texlive/2022/texmf-dist/tex/latex/ctex/fontset/ctex-fontset-windows.def
File: ctex-fontset-windows.def 2022/07/14 v2.5.10 Windows fonts definition (CTEX)

Package fontspec Info: Could not resolve font "KaiTi/B" (it probably doesn't
(fontspec)             exist).


Package fontspec Info: Could not resolve font "SimHei/I" (it probably doesn't
(fontspec)             exist).


Package fontspec Info: Could not resolve font "SimSun/BI" (it probably doesn't
(fontspec)             exist).



c:/texlive/2022/texmf-dist/tex/latex/ctex/fontset/ctex-fontset-windows.def:101: Package fontspec Error: The font "SimHei" cannot be found.

For immediate help type H <return>.
 ...                                              
                                                  
l.101   }
         

A font might not be found for many reasons.
 Check the spelling, where the font is installed etc. etc.

 When in doubt, ask someone for help!



c:/texlive/2022/texmf-dist/tex/latex/ctex/fontset/ctex-fontset-windows.def:101: Package fontspec Error: The font "SimHei" cannot be found.

For immediate help type H <return>.
 ...                                              
                                                  
l.101   }
         

A font might not be found for many reasons.
 Check the spelling, where the font is installed etc. etc.

 When in doubt, ask someone for help!


c:/texlive/2022/texmf-dist/tex/latex/ctex/fontset/ctex-fontset-windows.def:101: Cannot use \XeTeXOTcountfeatures with nullfont; not an OpenType Layout font.
<argument> \XeTeXOTcountfeatures \l_fontspec_font 
                                                  \l__fontspec_script_int \l...
l.101   }
         

c:/texlive/2022/texmf-dist/tex/latex/ctex/fontset/ctex-fontset-windows.def:101: Cannot use \XeTeXOTfeaturetag with nullfont; not an OpenType Layout font.
<argument> ...\XeTeXOTfeaturetag \l_fontspec_font 
                                                  \l__fontspec_script_int \l...
l.101   }
         

c:/texlive/2022/texmf-dist/tex/latex/ctex/fontset/ctex-fontset-windows.def:101: Missing = inserted for \ifnum.
<to be read again> 
                   \l__fontspec_script_int 
l.101   }
         
I was expecting to see `<', `=', or `>'. Didn't.

c:/texlive/2022/texmf-dist/tex/latex/ctex/fontset/ctex-fontset-windows.def:101: Cannot use \XeTeXOTfeaturetag with nullfont; not an OpenType Layout font.
<argument> ...\XeTeXOTfeaturetag \l_fontspec_font 
                                                  \l__fontspec_script_int \l...
l.101   }
         

c:/texlive/2022/texmf-dist/tex/latex/ctex/fontset/ctex-fontset-windows.def:101: Missing = inserted for \ifnum.
<to be read again> 
                   \l__fontspec_script_int 
l.101   }
         
I was expecting to see `<', `=', or `>'. Didn't.

c:/texlive/2022/texmf-dist/tex/latex/ctex/fontset/ctex-fontset-windows.def:101: Cannot use \XeTeXOTfeaturetag with nullfont; not an OpenType Layout font.
<argument> ...\XeTeXOTfeaturetag \l_fontspec_font 
                                                  \l__fontspec_script_int \l...
l.101   }
         

c:/texlive/2022/texmf-dist/tex/latex/ctex/fontset/ctex-fontset-windows.def:101: Missing = inserted for \ifnum.
<to be read again> 
                   \l__fontspec_script_int 
l.101   }
         
I was expecting to see `<', `=', or `>'. Didn't.

c:/texlive/2022/texmf-dist/tex/latex/ctex/fontset/ctex-fontset-windows.def:101: Cannot use \XeTeXOTfeaturetag with nullfont; not an OpenType Layout font.
<argument> ...\XeTeXOTfeaturetag \l_fontspec_font 
                                                  \l__fontspec_script_int \l...
l.101   }
         

c:/texlive/2022/texmf-dist/tex/latex/ctex/fontset/ctex-fontset-windows.def:101: Missing = inserted for \ifnum.
<to be read again> 
                   \l__fontspec_script_int 
l.101   }
         
I was expecting to see `<', `=', or `>'. Didn't.

c:/texlive/2022/texmf-dist/tex/latex/ctex/fontset/ctex-fontset-windows.def:101: Cannot use \XeTeXOTfeaturetag with nullfont; not an OpenType Layout font.
<argument> ...\XeTeXOTfeaturetag \l_fontspec_font 
                                                  \l__fontspec_script_int \l...
l.101   }
         

c:/texlive/2022/texmf-dist/tex/latex/ctex/fontset/ctex-fontset-windows.def:101: Missing = inserted for \ifnum.
<to be read again> 
                   \l__fontspec_script_int 
l.101   }
         
I was expecting to see `<', `=', or `>'. Didn't.

c:/texlive/2022/texmf-dist/tex/latex/ctex/fontset/ctex-fontset-windows.def:101: Cannot use \XeTeXOTfeaturetag with nullfont; not an OpenType Layout font.
<argument> ...\XeTeXOTfeaturetag \l_fontspec_font 
                                                  \l__fontspec_script_int \l...
l.101   }
         

c:/texlive/2022/texmf-dist/tex/latex/ctex/fontset/ctex-fontset-windows.def:101: Missing = inserted for \ifnum.
<to be read again> 
                   \l__fontspec_script_int 
l.101   }
         
I was expecting to see `<', `=', or `>'. Didn't.

c:/texlive/2022/texmf-dist/tex/latex/ctex/fontset/ctex-fontset-windows.def:101: Cannot use \XeTeXOTfeaturetag with nullfont; not an OpenType Layout font.
<argument> ...\XeTeXOTfeaturetag \l_fontspec_font 
                                                  \l__fontspec_script_int \l...
l.101   }
         

c:/texlive/2022/texmf-dist/tex/latex/ctex/fontset/ctex-fontset-windows.def:101: Missing = inserted for \ifnum.
<to be read again> 
                   \l__fontspec_script_int 
l.101   }
         
I was expecting to see `<', `=', or `>'. Didn't.

c:/texlive/2022/texmf-dist/tex/latex/ctex/fontset/ctex-fontset-windows.def:101: Cannot use \XeTeXOTfeaturetag with nullfont; not an OpenType Layout font.
<argument> ...\XeTeXOTfeaturetag \l_fontspec_font 
                                                  \l__fontspec_script_int \l...
l.101   }
         

c:/texlive/2022/texmf-dist/tex/latex/ctex/fontset/ctex-fontset-windows.def:101: Missing = inserted for \ifnum.
<to be read again> 
                   \l__fontspec_script_int 
l.101   }
         
I was expecting to see `<', `=', or `>'. Didn't.

c:/texlive/2022/texmf-dist/tex/latex/ctex/fontset/ctex-fontset-windows.def:101: Cannot use \XeTeXOTfeaturetag with nullfont; not an OpenType Layout font.
<argument> ...\XeTeXOTfeaturetag \l_fontspec_font 
                                                  \l__fontspec_script_int \l...
l.101   }
         

c:/texlive/2022/texmf-dist/tex/latex/ctex/fontset/ctex-fontset-windows.def:101: Missing = inserted for \ifnum.
<to be read again> 
                   \l__fontspec_script_int 
l.101   }
         
I was expecting to see `<', `=', or `>'. Didn't.

c:/texlive/2022/texmf-dist/tex/latex/ctex/fontset/ctex-fontset-windows.def:101: Cannot use \XeTeXOTfeaturetag with nullfont; not an OpenType Layout font.
<argument> ...\XeTeXOTfeaturetag \l_fontspec_font 
                                                  \l__fontspec_script_int \l...
l.101   }
         

c:/texlive/2022/texmf-dist/tex/latex/ctex/fontset/ctex-fontset-windows.def:101: Missing = inserted for \ifnum.
<to be read again> 
                   \l__fontspec_script_int 
l.101   }
         
I was expecting to see `<', `=', or `>'. Didn't.

c:/texlive/2022/texmf-dist/tex/latex/ctex/fontset/ctex-fontset-windows.def:101: Cannot use \XeTeXOTfeaturetag with nullfont; not an OpenType Layout font.
<argument> ...\XeTeXOTfeaturetag \l_fontspec_font 
                                                  \l__fontspec_script_int \l...
l.101   }
         

c:/texlive/2022/texmf-dist/tex/latex/ctex/fontset/ctex-fontset-windows.def:101: Missing = inserted for \ifnum.
<to be read again> 
                   \l__fontspec_script_int 
l.101   }
         
I was expecting to see `<', `=', or `>'. Didn't.

c:/texlive/2022/texmf-dist/tex/latex/ctex/fontset/ctex-fontset-windows.def:101: Cannot use \XeTeXOTfeaturetag with nullfont; not an OpenType Layout font.
<argument> ...\XeTeXOTfeaturetag \l_fontspec_font 
                                                  \l__fontspec_script_int \l...
l.101   }
         

c:/texlive/2022/texmf-dist/tex/latex/ctex/fontset/ctex-fontset-windows.def:101: Missing = inserted for \ifnum.
<to be read again> 
                   \l__fontspec_script_int 
l.101   }
         
I was expecting to see `<', `=', or `>'. Didn't.

c:/texlive/2022/texmf-dist/tex/latex/ctex/fontset/ctex-fontset-windows.def:101: Cannot use \XeTeXOTfeaturetag with nullfont; not an OpenType Layout font.
<argument> ...\XeTeXOTfeaturetag \l_fontspec_font 
                                                  \l__fontspec_script_int \l...
l.101   }
         

c:/texlive/2022/texmf-dist/tex/latex/ctex/fontset/ctex-fontset-windows.def:101: Missing = inserted for \ifnum.
<to be read again> 
                   \l__fontspec_script_int 
l.101   }
         
I was expecting to see `<', `=', or `>'. Didn't.

c:/texlive/2022/texmf-dist/tex/latex/ctex/fontset/ctex-fontset-windows.def:101: Cannot use \XeTeXOTfeaturetag with nullfont; not an OpenType Layout font.
<argument> ...\XeTeXOTfeaturetag \l_fontspec_font 
                                                  \l__fontspec_script_int \l...
l.101   }
         

c:/texlive/2022/texmf-dist/tex/latex/ctex/fontset/ctex-fontset-windows.def:101: Missing = inserted for \ifnum.
<to be read again> 
                   \l__fontspec_script_int 
l.101   }
         
I was expecting to see `<', `=', or `>'. Didn't.

c:/texlive/2022/texmf-dist/tex/latex/ctex/fontset/ctex-fontset-windows.def:101: Cannot use \XeTeXOTfeaturetag with nullfont; not an OpenType Layout font.
<argument> ...\XeTeXOTfeaturetag \l_fontspec_font 
                                                  \l__fontspec_script_int \l...
l.101   }
         

c:/texlive/2022/texmf-dist/tex/latex/ctex/fontset/ctex-fontset-windows.def:101: Missing = inserted for \ifnum.
<to be read again> 
                   \l__fontspec_script_int 
l.101   }
         
I was expecting to see `<', `=', or `>'. Didn't.

c:/texlive/2022/texmf-dist/tex/latex/ctex/fontset/ctex-fontset-windows.def:101: Cannot use \XeTeXOTfeaturetag with nullfont; not an OpenType Layout font.
<argument> ...\XeTeXOTfeaturetag \l_fontspec_font 
                                                  \l__fontspec_script_int \l...
l.101   }
         

c:/texlive/2022/texmf-dist/tex/latex/ctex/fontset/ctex-fontset-windows.def:101: Missing = inserted for \ifnum.
<to be read again> 
                   \l__fontspec_script_int 
l.101   }
         
I was expecting to see `<', `=', or `>'. Didn't.

c:/texlive/2022/texmf-dist/tex/latex/ctex/fontset/ctex-fontset-windows.def:101: Cannot use \XeTeXOTfeaturetag with nullfont; not an OpenType Layout font.
<argument> ...\XeTeXOTfeaturetag \l_fontspec_font 
                                                  \l__fontspec_script_int \l...
l.101   }
         

c:/texlive/2022/texmf-dist/tex/latex/ctex/fontset/ctex-fontset-windows.def:101: Missing = inserted for \ifnum.
<to be read again> 
                   \l__fontspec_script_int 
l.101   }
         
I was expecting to see `<', `=', or `>'. Didn't.

c:/texlive/2022/texmf-dist/tex/latex/ctex/fontset/ctex-fontset-windows.def:101: Cannot use \XeTeXOTfeaturetag with nullfont; not an OpenType Layout font.
<argument> ...\XeTeXOTfeaturetag \l_fontspec_font 
                                                  \l__fontspec_script_int \l...
l.101   }
         

c:/texlive/2022/texmf-dist/tex/latex/ctex/fontset/ctex-fontset-windows.def:101: Missing = inserted for \ifnum.
<to be read again> 
                   \l__fontspec_script_int 
l.101   }
         
I was expecting to see `<', `=', or `>'. Didn't.

c:/texlive/2022/texmf-dist/tex/latex/ctex/fontset/ctex-fontset-windows.def:101: Cannot use \XeTeXOTfeaturetag with nullfont; not an OpenType Layout font.
<argument> ...\XeTeXOTfeaturetag \l_fontspec_font 
                                                  \l__fontspec_script_int \l...
l.101   }
         

c:/texlive/2022/texmf-dist/tex/latex/ctex/fontset/ctex-fontset-windows.def:101: Missing = inserted for \ifnum.
<to be read again> 
                   \l__fontspec_script_int 
l.101   }
         
I was expecting to see `<', `=', or `>'. Didn't.

c:/texlive/2022/texmf-dist/tex/latex/ctex/fontset/ctex-fontset-windows.def:101: Cannot use \XeTeXOTfeaturetag with nullfont; not an OpenType Layout font.
<argument> ...\XeTeXOTfeaturetag \l_fontspec_font 
                                                  \l__fontspec_script_int \l...
l.101   }
         

c:/texlive/2022/texmf-dist/tex/latex/ctex/fontset/ctex-fontset-windows.def:101: Missing = inserted for \ifnum.
<to be read again> 
                   \l__fontspec_script_int 
l.101   }
         
I was expecting to see `<', `=', or `>'. Didn't.

c:/texlive/2022/texmf-dist/tex/latex/ctex/fontset/ctex-fontset-windows.def:101: Cannot use \XeTeXOTfeaturetag with nullfont; not an OpenType Layout font.
<argument> ...\XeTeXOTfeaturetag \l_fontspec_font 
                                                  \l__fontspec_script_int \l...
l.101   }
         

c:/texlive/2022/texmf-dist/tex/latex/ctex/fontset/ctex-fontset-windows.def:101: Missing = inserted for \ifnum.
<to be read again> 
                   \l__fontspec_script_int 
l.101   }
         
I was expecting to see `<', `=', or `>'. Didn't.

c:/texlive/2022/texmf-dist/tex/latex/ctex/fontset/ctex-fontset-windows.def:101: Cannot use \XeTeXOTfeaturetag with nullfont; not an OpenType Layout font.
<argument> ...\XeTeXOTfeaturetag \l_fontspec_font 
                                                  \l__fontspec_script_int \l...
l.101   }
         

c:/texlive/2022/texmf-dist/tex/latex/ctex/fontset/ctex-fontset-windows.def:101: Missing = inserted for \ifnum.
<to be read again> 
                   \l__fontspec_script_int 
l.101   }
         
I was expecting to see `<', `=', or `>'. Didn't.

c:/texlive/2022/texmf-dist/tex/latex/ctex/fontset/ctex-fontset-windows.def:101: Cannot use \XeTeXOTfeaturetag with nullfont; not an OpenType Layout font.
<argument> ...\XeTeXOTfeaturetag \l_fontspec_font 
                                                  \l__fontspec_script_int \l...
l.101   }
         

c:/texlive/2022/texmf-dist/tex/latex/ctex/fontset/ctex-fontset-windows.def:101: Missing = inserted for \ifnum.
<to be read again> 
                   \l__fontspec_script_int 
l.101   }
         
I was expecting to see `<', `=', or `>'. Didn't.

c:/texlive/2022/texmf-dist/tex/latex/ctex/fontset/ctex-fontset-windows.def:101: Cannot use \XeTeXOTfeaturetag with nullfont; not an OpenType Layout font.
<argument> ...\XeTeXOTfeaturetag \l_fontspec_font 
                                                  \l__fontspec_script_int \l...
l.101   }
         

c:/texlive/2022/texmf-dist/tex/latex/ctex/fontset/ctex-fontset-windows.def:101: Missing = inserted for \ifnum.
<to be read again> 
                   \l__fontspec_script_int 
l.101   }
         
I was expecting to see `<', `=', or `>'. Didn't.

c:/texlive/2022/texmf-dist/tex/latex/ctex/fontset/ctex-fontset-windows.def:101: Cannot use \XeTeXOTfeaturetag with nullfont; not an OpenType Layout font.
<argument> ...\XeTeXOTfeaturetag \l_fontspec_font 
                                                  \l__fontspec_script_int \l...
l.101   }
         

c:/texlive/2022/texmf-dist/tex/latex/ctex/fontset/ctex-fontset-windows.def:101: Missing = inserted for \ifnum.
<to be read again> 
                   \l__fontspec_script_int 
l.101   }
         
I was expecting to see `<', `=', or `>'. Didn't.

c:/texlive/2022/texmf-dist/tex/latex/ctex/fontset/ctex-fontset-windows.def:101: Cannot use \XeTeXOTfeaturetag with nullfont; not an OpenType Layout font.
<argument> ...\XeTeXOTfeaturetag \l_fontspec_font 
                                                  \l__fontspec_script_int \l...
l.101   }
         

c:/texlive/2022/texmf-dist/tex/latex/ctex/fontset/ctex-fontset-windows.def:101: Missing = inserted for \ifnum.
<to be read again> 
                   \l__fontspec_script_int 
l.101   }
         
I was expecting to see `<', `=', or `>'. Didn't.

c:/texlive/2022/texmf-dist/tex/latex/ctex/fontset/ctex-fontset-windows.def:101: Cannot use \XeTeXOTfeaturetag with nullfont; not an OpenType Layout font.
<argument> ...\XeTeXOTfeaturetag \l_fontspec_font 
                                                  \l__fontspec_script_int \l...
l.101   }
         

c:/texlive/2022/texmf-dist/tex/latex/ctex/fontset/ctex-fontset-windows.def:101: Missing = inserted for \ifnum.
<to be read again> 
                   \l__fontspec_script_int 
l.101   }
         
I was expecting to see `<', `=', or `>'. Didn't.

c:/texlive/2022/texmf-dist/tex/latex/ctex/fontset/ctex-fontset-windows.def:101: Cannot use \XeTeXOTfeaturetag with nullfont; not an OpenType Layout font.
<argument> ...\XeTeXOTfeaturetag \l_fontspec_font 
                                                  \l__fontspec_script_int \l...
l.101   }
         

c:/texlive/2022/texmf-dist/tex/latex/ctex/fontset/ctex-fontset-windows.def:101: Missing = inserted for \ifnum.
<to be read again> 
                   \l__fontspec_script_int 
l.101   }
         
I was expecting to see `<', `=', or `>'. Didn't.

c:/texlive/2022/texmf-dist/tex/latex/ctex/fontset/ctex-fontset-windows.def:101: Cannot use \XeTeXOTfeaturetag with nullfont; not an OpenType Layout font.
<argument> ...\XeTeXOTfeaturetag \l_fontspec_font 
                                                  \l__fontspec_script_int \l...
l.101   }
         

c:/texlive/2022/texmf-dist/tex/latex/ctex/fontset/ctex-fontset-windows.def:101: Missing = inserted for \ifnum.
<to be read again> 
                   \l__fontspec_script_int 
l.101   }
         
I was expecting to see `<', `=', or `>'. Didn't.

c:/texlive/2022/texmf-dist/tex/latex/ctex/fontset/ctex-fontset-windows.def:101: Cannot use \XeTeXOTfeaturetag with nullfont; not an OpenType Layout font.
<argument> ...\XeTeXOTfeaturetag \l_fontspec_font 
                                                  \l__fontspec_script_int \l...
l.101   }
         

c:/texlive/2022/texmf-dist/tex/latex/ctex/fontset/ctex-fontset-windows.def:101: Missing = inserted for \ifnum.
<to be read again> 
                   \l__fontspec_script_int 
l.101   }
         
I was expecting to see `<', `=', or `>'. Didn't.

c:/texlive/2022/texmf-dist/tex/latex/ctex/fontset/ctex-fontset-windows.def:101: Cannot use \XeTeXOTfeaturetag with nullfont; not an OpenType Layout font.
<argument> ...\XeTeXOTfeaturetag \l_fontspec_font 
                                                  \l__fontspec_script_int \l...
l.101   }
         

c:/texlive/2022/texmf-dist/tex/latex/ctex/fontset/ctex-fontset-windows.def:101: Missing = inserted for \ifnum.
<to be read again> 
                   \l__fontspec_script_int 
l.101   }
         
I was expecting to see `<', `=', or `>'. Didn't.

c:/texlive/2022/texmf-dist/tex/latex/ctex/fontset/ctex-fontset-windows.def:101: Cannot use \XeTeXOTfeaturetag with nullfont; not an OpenType Layout font.
<argument> ...\XeTeXOTfeaturetag \l_fontspec_font 
                                                  \l__fontspec_script_int \l...
l.101   }
         

c:/texlive/2022/texmf-dist/tex/latex/ctex/fontset/ctex-fontset-windows.def:101: Missing = inserted for \ifnum.
<to be read again> 
                   \l__fontspec_script_int 
l.101   }
         
I was expecting to see `<', `=', or `>'. Didn't.

c:/texlive/2022/texmf-dist/tex/latex/ctex/fontset/ctex-fontset-windows.def:101: Cannot use \XeTeXOTfeaturetag with nullfont; not an OpenType Layout font.
<argument> ...\XeTeXOTfeaturetag \l_fontspec_font 
                                                  \l__fontspec_script_int \l...
l.101   }
         

c:/texlive/2022/texmf-dist/tex/latex/ctex/fontset/ctex-fontset-windows.def:101: Missing = inserted for \ifnum.
<to be read again> 
                   \l__fontspec_script_int 
l.101   }
         
I was expecting to see `<', `=', or `>'. Didn't.

c:/texlive/2022/texmf-dist/tex/latex/ctex/fontset/ctex-fontset-windows.def:101: Cannot use \XeTeXOTfeaturetag with nullfont; not an OpenType Layout font.
<argument> ...\XeTeXOTfeaturetag \l_fontspec_font 
                                                  \l__fontspec_script_int \l...
l.101   }
         

c:/texlive/2022/texmf-dist/tex/latex/ctex/fontset/ctex-fontset-windows.def:101: Missing = inserted for \ifnum.
<to be read again> 
                   \l__fontspec_script_int 
l.101   }
         
I was expecting to see `<', `=', or `>'. Didn't.

c:/texlive/2022/texmf-dist/tex/latex/ctex/fontset/ctex-fontset-windows.def:101: Cannot use \XeTeXOTfeaturetag with nullfont; not an OpenType Layout font.
<argument> ...\XeTeXOTfeaturetag \l_fontspec_font 
                                                  \l__fontspec_script_int \l...
l.101   }
         

c:/texlive/2022/texmf-dist/tex/latex/ctex/fontset/ctex-fontset-windows.def:101: Missing = inserted for \ifnum.
<to be read again> 
                   \l__fontspec_script_int 
l.101   }
         
I was expecting to see `<', `=', or `>'. Didn't.

c:/texlive/2022/texmf-dist/tex/latex/ctex/fontset/ctex-fontset-windows.def:101: Cannot use \XeTeXOTfeaturetag with nullfont; not an OpenType Layout font.
<argument> ...\XeTeXOTfeaturetag \l_fontspec_font 
                                                  \l__fontspec_script_int \l...
l.101   }
         

c:/texlive/2022/texmf-dist/tex/latex/ctex/fontset/ctex-fontset-windows.def:101: Missing = inserted for \ifnum.
<to be read again> 
                   \l__fontspec_script_int 
l.101   }
         
I was expecting to see `<', `=', or `>'. Didn't.

c:/texlive/2022/texmf-dist/tex/latex/ctex/fontset/ctex-fontset-windows.def:101: Cannot use \XeTeXOTfeaturetag with nullfont; not an OpenType Layout font.
<argument> ...\XeTeXOTfeaturetag \l_fontspec_font 
                                                  \l__fontspec_script_int \l...
l.101   }
         

c:/texlive/2022/texmf-dist/tex/latex/ctex/fontset/ctex-fontset-windows.def:101: Missing = inserted for \ifnum.
<to be read again> 
                   \l__fontspec_script_int 
l.101   }
         
I was expecting to see `<', `=', or `>'. Didn't.

c:/texlive/2022/texmf-dist/tex/latex/ctex/fontset/ctex-fontset-windows.def:101: Cannot use \XeTeXOTfeaturetag with nullfont; not an OpenType Layout font.
<argument> ...\XeTeXOTfeaturetag \l_fontspec_font 
                                                  \l__fontspec_script_int \l...
l.101   }
         

c:/texlive/2022/texmf-dist/tex/latex/ctex/fontset/ctex-fontset-windows.def:101: Missing = inserted for \ifnum.
<to be read again> 
                   \l__fontspec_script_int 
l.101   }
         
I was expecting to see `<', `=', or `>'. Didn't.

c:/texlive/2022/texmf-dist/tex/latex/ctex/fontset/ctex-fontset-windows.def:101: Cannot use \XeTeXOTfeaturetag with nullfont; not an OpenType Layout font.
<argument> ...\XeTeXOTfeaturetag \l_fontspec_font 
                                                  \l__fontspec_script_int \l...
l.101   }
         

c:/texlive/2022/texmf-dist/tex/latex/ctex/fontset/ctex-fontset-windows.def:101: Missing = inserted for \ifnum.
<to be read again> 
                   \l__fontspec_script_int 
l.101   }
         
I was expecting to see `<', `=', or `>'. Didn't.

c:/texlive/2022/texmf-dist/tex/latex/ctex/fontset/ctex-fontset-windows.def:101: Cannot use \XeTeXOTfeaturetag with nullfont; not an OpenType Layout font.
<argument> ...\XeTeXOTfeaturetag \l_fontspec_font 
                                                  \l__fontspec_script_int \l...
l.101   }
         

c:/texlive/2022/texmf-dist/tex/latex/ctex/fontset/ctex-fontset-windows.def:101: Missing = inserted for \ifnum.
<to be read again> 
                   \l__fontspec_script_int 
l.101   }
         
I was expecting to see `<', `=', or `>'. Didn't.

c:/texlive/2022/texmf-dist/tex/latex/ctex/fontset/ctex-fontset-windows.def:101: Cannot use \XeTeXOTfeaturetag with nullfont; not an OpenType Layout font.
<argument> ...\XeTeXOTfeaturetag \l_fontspec_font 
                                                  \l__fontspec_script_int \l...
l.101   }
         

c:/texlive/2022/texmf-dist/tex/latex/ctex/fontset/ctex-fontset-windows.def:101: Missing = inserted for \ifnum.
<to be read again> 
                   \l__fontspec_script_int 
l.101   }
         
I was expecting to see `<', `=', or `>'. Didn't.

c:/texlive/2022/texmf-dist/tex/latex/ctex/fontset/ctex-fontset-windows.def:101: Cannot use \XeTeXOTfeaturetag with nullfont; not an OpenType Layout font.
<argument> ...\XeTeXOTfeaturetag \l_fontspec_font 
                                                  \l__fontspec_script_int \l...
l.101   }
         

c:/texlive/2022/texmf-dist/tex/latex/ctex/fontset/ctex-fontset-windows.def:101: Missing = inserted for \ifnum.
<to be read again> 
                   \l__fontspec_script_int 
l.101   }
         
I was expecting to see `<', `=', or `>'. Didn't.

c:/texlive/2022/texmf-dist/tex/latex/ctex/fontset/ctex-fontset-windows.def:101: Cannot use \XeTeXOTfeaturetag with nullfont; not an OpenType Layout font.
<argument> ...\XeTeXOTfeaturetag \l_fontspec_font 
                                                  \l__fontspec_script_int \l...
l.101   }
         

c:/texlive/2022/texmf-dist/tex/latex/ctex/fontset/ctex-fontset-windows.def:101: Missing = inserted for \ifnum.
<to be read again> 
                   \l__fontspec_script_int 
l.101   }
         
I was expecting to see `<', `=', or `>'. Didn't.

c:/texlive/2022/texmf-dist/tex/latex/ctex/fontset/ctex-fontset-windows.def:101: Cannot use \XeTeXOTfeaturetag with nullfont; not an OpenType Layout font.
<argument> ...\XeTeXOTfeaturetag \l_fontspec_font 
                                                  \l__fontspec_script_int \l...
l.101   }
         

c:/texlive/2022/texmf-dist/tex/latex/ctex/fontset/ctex-fontset-windows.def:101: Missing = inserted for \ifnum.
<to be read again> 
                   \l__fontspec_script_int 
l.101   }
         
I was expecting to see `<', `=', or `>'. Didn't.

c:/texlive/2022/texmf-dist/tex/latex/ctex/fontset/ctex-fontset-windows.def:101: Cannot use \XeTeXOTfeaturetag with nullfont; not an OpenType Layout font.
<argument> ...\XeTeXOTfeaturetag \l_fontspec_font 
                                                  \l__fontspec_script_int \l...
l.101   }
         

c:/texlive/2022/texmf-dist/tex/latex/ctex/fontset/ctex-fontset-windows.def:101: Missing = inserted for \ifnum.
<to be read again> 
                   \l__fontspec_script_int 
l.101   }
         
I was expecting to see `<', `=', or `>'. Didn't.

c:/texlive/2022/texmf-dist/tex/latex/ctex/fontset/ctex-fontset-windows.def:101: Cannot use \XeTeXOTfeaturetag with nullfont; not an OpenType Layout font.
<argument> ...\XeTeXOTfeaturetag \l_fontspec_font 
                                                  \l__fontspec_script_int \l...
l.101   }
         

c:/texlive/2022/texmf-dist/tex/latex/ctex/fontset/ctex-fontset-windows.def:101: Missing = inserted for \ifnum.
<to be read again> 
                   \l__fontspec_script_int 
l.101   }
         
I was expecting to see `<', `=', or `>'. Didn't.

c:/texlive/2022/texmf-dist/tex/latex/ctex/fontset/ctex-fontset-windows.def:101: Cannot use \XeTeXOTfeaturetag with nullfont; not an OpenType Layout font.
<argument> ...\XeTeXOTfeaturetag \l_fontspec_font 
                                                  \l__fontspec_script_int \l...
l.101   }
         

c:/texlive/2022/texmf-dist/tex/latex/ctex/fontset/ctex-fontset-windows.def:101: Missing = inserted for \ifnum.
<to be read again> 
                   \l__fontspec_script_int 
l.101   }
         
I was expecting to see `<', `=', or `>'. Didn't.

c:/texlive/2022/texmf-dist/tex/latex/ctex/fontset/ctex-fontset-windows.def:101: Cannot use \XeTeXOTfeaturetag with nullfont; not an OpenType Layout font.
<argument> ...\XeTeXOTfeaturetag \l_fontspec_font 
                                                  \l__fontspec_script_int \l...
l.101   }
         

c:/texlive/2022/texmf-dist/tex/latex/ctex/fontset/ctex-fontset-windows.def:101: Missing = inserted for \ifnum.
<to be read again> 
                   \l__fontspec_script_int 
l.101   }
         
I was expecting to see `<', `=', or `>'. Didn't.

c:/texlive/2022/texmf-dist/tex/latex/ctex/fontset/ctex-fontset-windows.def:101: Cannot use \XeTeXOTfeaturetag with nullfont; not an OpenType Layout font.
<argument> ...\XeTeXOTfeaturetag \l_fontspec_font 
                                                  \l__fontspec_script_int \l...
l.101   }
         
(That makes 100 errors; please try again.) 
Here is how much of TeX's memory you used:
 12068 strings out of 478635
 323092 string characters out of 5847854
 1844001 words of memory out of 5000000
 32096 multiletter control sequences out of 15000+600000
 514001 words of font info for 43 fonts, out of 8000000 for 9000
 36 hyphenation exceptions out of 8191
 71i,0n,94p,319b,267s stack positions out of 10000i,1000n,20000p,200000b,200000s

No pages of output.
